2021-06-19 17:29:50,020     INFO           main: Installation information:
2021-06-19 17:29:50,020     INFO           main:   Merlin directory: /merlin
2021-06-19 17:29:50,020     INFO           main:   PATH:
2021-06-19 17:29:50,020     INFO           main:       /usr/local/sbin
2021-06-19 17:29:50,020     INFO           main:       /usr/local/bin
2021-06-19 17:29:50,020     INFO           main:       /usr/sbin
2021-06-19 17:29:50,020     INFO           main:       /usr/bin
2021-06-19 17:29:50,020     INFO           main:       /sbin
2021-06-19 17:29:50,020     INFO           main:       /bin
2021-06-19 17:29:50,020     INFO           main:   LD_LIBRARY_PATH:
2021-06-19 17:29:50,020     INFO           main:   Python version: 3.6.9 (default, Jan 26 2021, 15:33:00) [GCC 8.4.0]
2021-06-19 17:29:50,020     INFO           main:     PYTHONPATH:
2021-06-19 17:29:50,020     INFO           main:   Numpy version: 1.19.5
2021-06-19 17:29:50,020     INFO           main:   Theano version: 1.0.5
2021-06-19 17:29:50,020     INFO           main:     THEANO_FLAGS: cuda.root=/usr/local/8.0,floatX=float32,on_unused_input=ignore
2021-06-19 17:29:50,020     INFO           main:     device: cpu
2021-06-19 17:29:50,028     INFO           main: Execution information:
2021-06-19 17:29:50,029     INFO           main:   HOSTNAME: cd7cd3aa0385
2021-06-19 17:29:50,029     INFO           main:   USER: root
2021-06-19 17:29:50,029     INFO           main:   PID: 1669
2021-06-19 17:29:50,049     INFO           main: Input label dimension is 425
2021-06-19 17:29:50,049     INFO           main: preparing label data (input) using standard HTS style labels
2021-06-19 17:29:50,062     INFO         labels: loaded /merlin/egs/slt_arctic/s1/experiments/slt_arctic_demo/test_synthesis/gen-lab/arctic_a0059.lab, 140 labels
2021-06-19 17:29:50,062     INFO         labels: loaded /merlin/egs/slt_arctic/s1/experiments/slt_arctic_demo/test_synthesis/gen-lab/arctic_a0056.lab, 165 labels
2021-06-19 17:29:50,062     INFO         labels: loaded /merlin/egs/slt_arctic/s1/experiments/slt_arctic_demo/test_synthesis/gen-lab/arctic_a0058.lab, 235 labels
2021-06-19 17:29:50,064     INFO         labels: loaded /merlin/egs/slt_arctic/s1/experiments/slt_arctic_demo/test_synthesis/gen-lab/arctic_a0057.lab, 115 labels
2021-06-19 17:29:50,069     INFO         labels: loaded /merlin/egs/slt_arctic/s1/experiments/slt_arctic_demo/test_synthesis/gen-lab/arctic_a0060.lab, 110 labels
2021-06-19 17:29:50,371     INFO  acoustic_norm: Loaded min max values from the trained data for feature dimension of 425
2021-06-19 17:29:50,408     INFO           main: label dimension is 425
2021-06-19 17:29:50,408     INFO           main: generating from DNN
2021-06-19 17:29:50,417     INFO dnn_generation: generating    1 of    5: /merlin/egs/slt_arctic/s1/experiments/slt_arctic_demo/test_synthesis/wav/arctic_a0056.lab
2021-06-19 17:29:50,962     INFO dnn_generation: generating    2 of    5: /merlin/egs/slt_arctic/s1/experiments/slt_arctic_demo/test_synthesis/wav/arctic_a0057.lab
2021-06-19 17:29:51,098     INFO dnn_generation: generating    3 of    5: /merlin/egs/slt_arctic/s1/experiments/slt_arctic_demo/test_synthesis/wav/arctic_a0058.lab
2021-06-19 17:29:51,320     INFO dnn_generation: generating    4 of    5: /merlin/egs/slt_arctic/s1/experiments/slt_arctic_demo/test_synthesis/wav/arctic_a0059.lab
2021-06-19 17:29:51,455     INFO dnn_generation: generating    5 of    5: /merlin/egs/slt_arctic/s1/experiments/slt_arctic_demo/test_synthesis/wav/arctic_a0060.lab
2021-06-19 17:29:51,610     INFOparam_generation: processing    1 of    5: /merlin/egs/slt_arctic/s1/experiments/slt_arctic_demo/test_synthesis/wav/arctic_a0056.cmp
2021-06-19 17:29:51,624     INFOparam_generation: processing    2 of    5: /merlin/egs/slt_arctic/s1/experiments/slt_arctic_demo/test_synthesis/wav/arctic_a0057.cmp
2021-06-19 17:29:51,670     INFOparam_generation: processing    3 of    5: /merlin/egs/slt_arctic/s1/experiments/slt_arctic_demo/test_synthesis/wav/arctic_a0058.cmp
2021-06-19 17:29:51,693     INFOparam_generation: processing    4 of    5: /merlin/egs/slt_arctic/s1/experiments/slt_arctic_demo/test_synthesis/wav/arctic_a0059.cmp
2021-06-19 17:29:51,701     INFOparam_generation: processing    5 of    5: /merlin/egs/slt_arctic/s1/experiments/slt_arctic_demo/test_synthesis/wav/arctic_a0060.cmp
2021-06-19 17:29:51,708     INFO           main: reconstructing waveform(s)
2021-06-19 17:29:51,709     INFO wav_generation: creating waveform for    1 of    5: arctic_a0056
2021-06-19 17:29:52,284     INFO wav_generation: creating waveform for    2 of    5: arctic_a0057
2021-06-19 17:29:52,775     INFO wav_generation: creating waveform for    3 of    5: arctic_a0058
2021-06-19 17:29:53,447     INFO wav_generation: creating waveform for    4 of    5: arctic_a0059
2021-06-19 17:29:53,952     INFO wav_generation: creating waveform for    5 of    5: arctic_a0060
